2026-03-29 14:29:30.873 | 
2026-03-29 14:29:30.873 |   .   ____          _            __ _ _
2026-03-29 14:29:30.873 |  /\\ / ___'_ __ _ _(_)_ __  __ _ \ \ \ \
2026-03-29 14:29:30.873 | ( ( )\___ | '_ | '_| | '_ \/ _` | \ \ \ \
2026-03-29 14:29:30.873 |  \\/  ___)| |_)| | | | | || (_| |  ) ) ) )
2026-03-29 14:29:30.873 |   '  |____| .__|_| |_|_| |_\__, | / / / /
2026-03-29 14:29:30.873 |  =========|_|==============|___/=/_/_/_/
2026-03-29 14:29:30.873 | 
2026-03-29 14:29:30.874 |  :: Spring Boot ::                (v3.5.3)
2026-03-29 14:29:30.874 | 
2026-03-29 14:29:30.902 | 2026-03-29T11:29:30.902Z  INFO 1 --- [           main] c.e.b.BatchProcessingApplication         : Starting BatchProcessingApplication v0.0.1-SNAPSHOT using Java 17.0.1 with PID 1 (/app.jar started by root in /)
2026-03-29 14:29:30.903 | 2026-03-29T11:29:30.903Z  INFO 1 --- [           main] c.e.b.BatchProcessingApplication         : No active profile set, falling back to 1 default profile: "default"
2026-03-29 14:29:31.193 | 2026-03-29T11:29:31.193Z  INFO 1 --- [           main] com.zaxxer.hikari.HikariDataSource       : HikariPool-1 - Starting...
2026-03-29 14:29:31.281 | 2026-03-29T11:29:31.281Z  INFO 1 --- [           main] com.zaxxer.hikari.pool.HikariPool        : HikariPool-1 - Added connection org.postgresql.jdbc.PgConnection@6aef4eb8
2026-03-29 14:29:31.282 | 2026-03-29T11:29:31.282Z  INFO 1 --- [           main] com.zaxxer.hikari.HikariDataSource       : HikariPool-1 - Start completed.
2026-03-29 14:29:31.405 | 2026-03-29T11:29:31.405Z  INFO 1 --- [           main] c.e.b.BatchProcessingApplication         : Started BatchProcessingApplication in 0.678 seconds (process running for 0.873)
2026-03-29 14:29:31.407 | 2026-03-29T11:29:31.406Z  INFO 1 --- [           main] o.s.b.a.b.JobLauncherApplicationRunner   : Running default command line with: []
2026-03-29 14:29:31.421 | 2026-03-29T11:29:31.421Z  INFO 1 --- [           main] o.s.b.c.l.s.TaskExecutorJobLauncher      : Job: [SimpleJob: [name=importProductJob]] launched with the following parameters: [{}]
2026-03-29 14:29:31.432 | 2026-03-29T11:29:31.432Z  INFO 1 --- [           main] o.s.batch.core.job.SimpleStepHandler     : Executing step: [step1]
2026-03-29 14:29:31.443 | 2026-03-29T11:29:31.441Z  INFO 1 --- [           main] c.e.b.ProductItemProcessor               : Transforming (Product[productId=1, productSku=20001, productName=hammer, productAmount=45, productData=Loyality_off]) into (Product[productId=1, productSku=20001, productName=hammer, productAmount=45, productData=Loyality_off])
2026-03-29 14:29:31.443 | 2026-03-29T11:29:31.443Z  INFO 1 --- [           main] c.e.b.ProductItemProcessor               : Transforming (Product[productId=2, productSku=30001, productName=sink, productAmount=20, productData=Loyality_off]) into (Product[productId=2, productSku=30001, productName=sink, productAmount=20, productData=Loyality_off])
2026-03-29 14:29:31.443 | 2026-03-29T11:29:31.443Z  INFO 1 --- [           main] c.e.b.ProductItemProcessor               : Transforming (Product[productId=3, productSku=40001, productName=roof_shell, productAmount=256, productData=Loyality_on]) into (Product[productId=3, productSku=40001, productName=roof_shell, productAmount=256, productData=Loyality_on])
2026-03-29 14:29:31.449 | 2026-03-29T11:29:31.449Z  INFO 1 --- [           main] c.e.b.ProductItemProcessor               : Transforming (Product[productId=4, productSku=50001, productName=priming, productAmount=67, productData=Loyality_off]) into (Product[productId=4, productSku=50001, productName=priming, productAmount=67, productData=Loyality_off])
2026-03-29 14:29:31.450 | 2026-03-29T11:29:31.450Z  INFO 1 --- [           main] c.e.b.ProductItemProcessor               : Transforming (Product[productId=5, productSku=60001, productName=clapboard, productAmount=120, productData=Loyality_on]) into (Product[productId=5, productSku=60001, productName=clapboard, productAmount=120, productData=Loyality_on])
2026-03-29 14:29:31.452 | 2026-03-29T11:29:31.452Z  INFO 1 --- [           main] o.s.batch.core.step.AbstractStep         : Step: [step1] executed in 19ms
2026-03-29 14:29:31.456 | 2026-03-29T11:29:31.456Z  INFO 1 --- [           main] c.e.b.JobCompletionNotificationListener  : !!! JOB FINISHED! Time to verify the results
2026-03-29 14:29:31.457 | 2026-03-29T11:29:31.457Z  INFO 1 --- [           main] c.e.b.JobCompletionNotificationListener  : Transformed <Product[productId=1, productSku=20001, productName=hammer, productAmount=45, productData=Loyality_off]> in the database.
2026-03-29 14:29:31.457 | 2026-03-29T11:29:31.457Z  INFO 1 --- [           main] c.e.b.JobCompletionNotificationListener  : Transformed <Product[productId=2, productSku=30001, productName=sink, productAmount=20, productData=Loyality_off]> in the database.
2026-03-29 14:29:31.457 | 2026-03-29T11:29:31.457Z  INFO 1 --- [           main] c.e.b.JobCompletionNotificationListener  : Transformed <Product[productId=3, productSku=40001, productName=roof_shell, productAmount=256, productData=Loyality_on]> in the database.
2026-03-29 14:29:31.457 | 2026-03-29T11:29:31.457Z  INFO 1 --- [           main] c.e.b.JobCompletionNotificationListener  : Transformed <Product[productId=4, productSku=50001, productName=priming, productAmount=67, productData=Loyality_off]> in the database.
2026-03-29 14:29:31.457 | 2026-03-29T11:29:31.457Z  INFO 1 --- [           main] c.e.b.JobCompletionNotificationListener  : Transformed <Product[productId=5, productSku=60001, productName=clapboard, productAmount=120, productData=Loyality_on]> in the database.
2026-03-29 14:29:31.459 | 2026-03-29T11:29:31.459Z  INFO 1 --- [           main] o.s.b.c.l.s.TaskExecutorJobLauncher      : Job: [SimpleJob: [name=importProductJob]] completed with the following parameters: [{}] and the following status: [COMPLETED] in 29ms
2026-03-29 14:29:31.461 | 2026-03-29T11:29:31.461Z  INFO 1 --- [           main] com.zaxxer.hikari.HikariDataSource       : HikariPool-1 - Shutdown initiated...
2026-03-29 14:29:31.498 | 2026-03-29T11:29:31.497Z  INFO 1 --- [           main] com.zaxxer.hikari.HikariDataSource       : HikariPool-1 - Shutdown completed.